Sat Sep 22 2018 13:13:10 GMT-0700 (Pacific Daylight Time)	0	Executing 'npx,eslint,--fix,'**/*.js'' in 55 directories.Sat Sep 22 2018 13:13:12 GMT-0700 (Pacific Daylight Time)	0	[1/55] Executed cmd in /Users/beckwith/.repo/gce-images.Sat Sep 22 2018 13:13:12 GMT-0700 (Pacific Daylight Time)	0	[2/55] Executed cmd in /Users/beckwith/.repo/github-repo-automation.Sat Sep 22 2018 13:13:14 GMT-0700 (Pacific Daylight Time)	0	[3/55] Executed cmd in /Users/beckwith/.repo/google-cloud-kvstore.Sat Sep 22 2018 13:13:18 GMT-0700 (Pacific Daylight Time)	2	/Users/beckwith/.repo/google-api-nodejs-clientSat Sep 22 2018 13:13:18 GMT-0700 (Pacific Daylight Time)	2	Error: Command failed: npx eslint --fix '**/*.js'
Sat Sep 22 2018 13:13:45 GMT-0700 (Pacific Daylight Time)	2	/Users/beckwith/.repo/gcs-resumable-uploadSat Sep 22 2018 13:13:45 GMT-0700 (Pacific Daylight Time)	2	Error: Command failed: npx eslint --fix '**/*.js'
npx: installed 126 in 22.161s
Failed to load plugin node: Cannot find module 'eslint-plugin-node'
Sat Sep 22 2018 13:13:45 GMT-0700 (Pacific Daylight Time)	2	/Users/beckwith/.repo/google-auth-library-nodejsSat Sep 22 2018 13:13:45 GMT-0700 (Pacific Daylight Time)	2	Error: Command failed: npx eslint --fix '**/*.js'
npx: installed 126 in 22.228s
Failed to load plugin node: Cannot find module 'eslint-plugin-node'
Sat Sep 22 2018 13:13:45 GMT-0700 (Pacific Daylight Time)	2	/Users/beckwith/.repo/cloud-profiler-nodejsSat Sep 22 2018 13:13:45 GMT-0700 (Pacific Daylight Time)	2	Error: Command failed: npx eslint --fix '**/*.js'
npx: installed 126 in 21.984s
Failed to load plugin node: Cannot find module 'eslint-plugin-node'
Sat Sep 22 2018 13:13:45 GMT-0700 (Pacific Daylight Time)	2	/Users/beckwith/.repo/gcp-metadataSat Sep 22 2018 13:13:45 GMT-0700 (Pacific Daylight Time)	2	Error: Command failed: npx eslint --fix '**/*.js'
npx: installed 126 in 22.276s
Failed to load plugin node: Cannot find module 'eslint-plugin-node'
Sat Sep 22 2018 13:13:45 GMT-0700 (Pacific Daylight Time)	2	/Users/beckwith/.repo/gax-nodejsSat Sep 22 2018 13:13:45 GMT-0700 (Pacific Daylight Time)	2	Error: Command failed: npx eslint --fix '**/*.js'
npx: installed 126 in 22.271s
Failed to load plugin node: Cannot find module 'eslint-plugin-node'
Sat Sep 22 2018 13:13:45 GMT-0700 (Pacific Daylight Time)	2	/Users/beckwith/.repo/cloud-debug-nodejsSat Sep 22 2018 13:13:45 GMT-0700 (Pacific Daylight Time)	2	Error: Command failed: npx eslint --fix '**/*.js'
npx: installed 126 in 22.072s
Failed to load plugin node: Cannot find module 'eslint-plugin-node'
Sat Sep 22 2018 13:13:46 GMT-0700 (Pacific Daylight Time)	2	/Users/beckwith/.repo/cloud-trace-nodejsSat Sep 22 2018 13:13:46 GMT-0700 (Pacific Daylight Time)	2	Error: Command failed: npx eslint --fix '**/*.js'
npx: installed 126 in 21.919s
Failed to load plugin node: Cannot find module 'eslint-plugin-node'
Sat Sep 22 2018 13:13:46 GMT-0700 (Pacific Daylight Time)	2	/Users/beckwith/.repo/google-cloud-nodeSat Sep 22 2018 13:13:46 GMT-0700 (Pacific Daylight Time)	2	Error: Command failed: npx eslint --fix '**/*.js'
npx: installed 126 in 21.552s
No files matching '**/*.js' were found.
Sat Sep 22 2018 13:13:46 GMT-0700 (Pacific Daylight Time)	2	/Users/beckwith/.repo/google-p12-pemSat Sep 22 2018 13:13:46 GMT-0700 (Pacific Daylight Time)	2	Error: Command failed: npx eslint --fix '**/*.js'
npx: installed 126 in 22.248s
Failed to load plugin node: Cannot find module 'eslint-plugin-node'
Sat Sep 22 2018 13:13:47 GMT-0700 (Pacific Daylight Time)	2	/Users/beckwith/.repo/node-gtokenSat Sep 22 2018 13:13:47 GMT-0700 (Pacific Daylight Time)	2	Error: Command failed: npx eslint --fix '**/*.js'
npx: installed 126 in 21.214s
Failed to load plugin node: Cannot find module 'eslint-plugin-node'
Sat Sep 22 2018 13:13:48 GMT-0700 (Pacific Daylight Time)	2	/Users/beckwith/.repo/nodejs-assetSat Sep 22 2018 13:13:48 GMT-0700 (Pacific Daylight Time)	2	Error: Command failed: npx eslint --fix '**/*.js'
Sat Sep 22 2018 13:13:49 GMT-0700 (Pacific Daylight Time)	0	[16/55] Executed cmd in /Users/beckwith/.repo/nodejs-automl.Sat Sep 22 2018 13:13:49 GMT-0700 (Pacific Daylight Time)	2	/Users/beckwith/.repo/nodejs-bigquery-data-transferSat Sep 22 2018 13:13:49 GMT-0700 (Pacific Daylight Time)	2	Error: Command failed: npx eslint --fix '**/*.js'
Sat Sep 22 2018 13:13:50 GMT-0700 (Pacific Daylight Time)	2	/Users/beckwith/.repo/nodejs-cloud-containerSat Sep 22 2018 13:13:50 GMT-0700 (Pacific Daylight Time)	2	Error: Command failed: npx eslint --fix '**/*.js'
Sat Sep 22 2018 13:13:50 GMT-0700 (Pacific Daylight Time)	2	/Users/beckwith/.repo/nodejs-bigquerySat Sep 22 2018 13:13:50 GMT-0700 (Pacific Daylight Time)	2	Error: Command failed: npx eslint --fix '**/*.js'
Sat Sep 22 2018 13:13:53 GMT-0700 (Pacific Daylight Time)	2	/Users/beckwith/.repo/nodejs-dataprocSat Sep 22 2018 13:13:53 GMT-0700 (Pacific Daylight Time)	2	Error: Command failed: npx eslint --fix '**/*.js'
Sat Sep 22 2018 13:13:55 GMT-0700 (Pacific Daylight Time)	2	/Users/beckwith/.repo/nodejs-dnsSat Sep 22 2018 13:13:55 GMT-0700 (Pacific Daylight Time)	2	Error: Command failed: npx eslint --fix '**/*.js'
Sat Sep 22 2018 13:13:55 GMT-0700 (Pacific Daylight Time)	2	/Users/beckwith/.repo/nodejs-error-reportingSat Sep 22 2018 13:13:55 GMT-0700 (Pacific Daylight Time)	2	Error: Command failed: npx eslint --fix '**/*.js'
Sat Sep 22 2018 13:14:00 GMT-0700 (Pacific Daylight Time)	2	/Users/beckwith/.repo/nodejs-datastoreSat Sep 22 2018 13:14:00 GMT-0700 (Pacific Daylight Time)	2	Error: Command failed: npx eslint --fix '**/*.js'
Sat Sep 22 2018 13:14:01 GMT-0700 (Pacific Daylight Time)	2	/Users/beckwith/.repo/nodejs-dlpSat Sep 22 2018 13:14:01 GMT-0700 (Pacific Daylight Time)	2	Error: Command failed: npx eslint --fix '**/*.js'
Sat Sep 22 2018 13:14:01 GMT-0700 (Pacific Daylight Time)	2	/Users/beckwith/.repo/nodejs-iotSat Sep 22 2018 13:14:01 GMT-0700 (Pacific Daylight Time)	2	Error: Command failed: npx eslint --fix '**/*.js'
Sat Sep 22 2018 13:14:04 GMT-0700 (Pacific Daylight Time)	2	/Users/beckwith/.repo/nodejs-dialogflowSat Sep 22 2018 13:14:04 GMT-0700 (Pacific Daylight Time)	2	Error: Command failed: npx eslint --fix '**/*.js'
Sat Sep 22 2018 13:14:05 GMT-0700 (Pacific Daylight Time)	2	/Users/beckwith/.repo/nodejs-commonSat Sep 22 2018 13:14:05 GMT-0700 (Pacific Daylight Time)	2	Error: Command failed: npx eslint --fix '**/*.js'
npx: installed 126 in 11.036s
Failed to load plugin node: Cannot find module 'eslint-plugin-node'
Sat Sep 22 2018 13:14:05 GMT-0700 (Pacific Daylight Time)	2	/Users/beckwith/.repo/nodejs-common-grpcSat Sep 22 2018 13:14:05 GMT-0700 (Pacific Daylight Time)	2	Error: Command failed: npx eslint --fix '**/*.js'
npx: installed 126 in 10.922s
Failed to load plugin node: Cannot find module 'eslint-plugin-node'
Sat Sep 22 2018 13:14:07 GMT-0700 (Pacific Daylight Time)	0	[29/55] Executed cmd in /Users/beckwith/.repo/nodejs-kms.Sat Sep 22 2018 13:14:08 GMT-0700 (Pacific Daylight Time)	2	/Users/beckwith/.repo/nodejs-logging-bunyanSat Sep 22 2018 13:14:08 GMT-0700 (Pacific Daylight Time)	2	Error: Command failed: npx eslint --fix '**/*.js'
Sat Sep 22 2018 13:14:08 GMT-0700 (Pacific Daylight Time)	2	/Users/beckwith/.repo/nodejs-logging-winstonSat Sep 22 2018 13:14:08 GMT-0700 (Pacific Daylight Time)	2	Error: Command failed: npx eslint --fix '**/*.js'
Sat Sep 22 2018 13:14:09 GMT-0700 (Pacific Daylight Time)	2	/Users/beckwith/.repo/nodejs-languageSat Sep 22 2018 13:14:09 GMT-0700 (Pacific Daylight Time)	2	Error: Command failed: npx eslint --fix '**/*.js'
Sat Sep 22 2018 13:14:11 GMT-0700 (Pacific Daylight Time)	2	/Users/beckwith/.repo/nodejs-os-loginSat Sep 22 2018 13:14:11 GMT-0700 (Pacific Daylight Time)	2	Error: Command failed: npx eslint --fix '**/*.js'
Sat Sep 22 2018 13:14:12 GMT-0700 (Pacific Daylight Time)	2	/Users/beckwith/.repo/nodejs-firestoreSat Sep 22 2018 13:14:12 GMT-0700 (Pacific Daylight Time)	2	Error: Command failed: npx eslint --fix '**/*.js'
npx: installed 126 in 11.966s
Failed to load plugin node: Cannot find module 'eslint-plugin-node'
Sat Sep 22 2018 13:14:13 GMT-0700 (Pacific Daylight Time)	2	/Users/beckwith/.repo/nodejs-monitoringSat Sep 22 2018 13:14:13 GMT-0700 (Pacific Daylight Time)	2	Error: Command failed: npx eslint --fix '**/*.js'
Sat Sep 22 2018 13:14:13 GMT-0700 (Pacific Daylight Time)	2	/Users/beckwith/.repo/nodejs-googleapis-commonSat Sep 22 2018 13:14:13 GMT-0700 (Pacific Daylight Time)	2	Error: Command failed: npx eslint --fix '**/*.js'
npx: installed 126 in 12.77s
Failed to load plugin node: Cannot find module 'eslint-plugin-node'
Sat Sep 22 2018 13:14:14 GMT-0700 (Pacific Daylight Time)	2	/Users/beckwith/.repo/nodejs-loggingSat Sep 22 2018 13:14:14 GMT-0700 (Pacific Daylight Time)	2	Error: Command failed: npx eslint --fix '**/*.js'
Sat Sep 22 2018 13:14:19 GMT-0700 (Pacific Daylight Time)	0	[38/55] Executed cmd in /Users/beckwith/.repo/nodejs-proto-files.Sat Sep 22 2018 13:14:20 GMT-0700 (Pacific Daylight Time)	2	/Users/beckwith/.repo/nodejs-resourceSat Sep 22 2018 13:14:20 GMT-0700 (Pacific Daylight Time)	2	Error: Command failed: npx eslint --fix '**/*.js'
Sat Sep 22 2018 13:14:22 GMT-0700 (Pacific Daylight Time)	0	[40/55] Executed cmd in /Users/beckwith/.repo/nodejs-redis.Sat Sep 22 2018 13:14:28 GMT-0700 (Pacific Daylight Time)	2	/Users/beckwith/.repo/nodejs-speechSat Sep 22 2018 13:14:28 GMT-0700 (Pacific Daylight Time)	2	Error: Command failed: npx eslint --fix '**/*.js'
Sat Sep 22 2018 13:14:28 GMT-0700 (Pacific Daylight Time)	2	/Users/beckwith/.repo/nodejs-paginatorSat Sep 22 2018 13:14:28 GMT-0700 (Pacific Daylight Time)	2	Error: Command failed: npx eslint --fix '**/*.js'
npx: installed 126 in 13.486s
Failed to load plugin node: Cannot find module 'eslint-plugin-node'
Sat Sep 22 2018 13:14:28 GMT-0700 (Pacific Daylight Time)	2	/Users/beckwith/.repo/nodejs-projectifySat Sep 22 2018 13:14:28 GMT-0700 (Pacific Daylight Time)	2	Error: Command failed: npx eslint --fix '**/*.js'
npx: installed 126 in 13.402s
Failed to load plugin node: Cannot find module 'eslint-plugin-node'
Sat Sep 22 2018 13:14:29 GMT-0700 (Pacific Daylight Time)	2	/Users/beckwith/.repo/nodejs-tasksSat Sep 22 2018 13:14:29 GMT-0700 (Pacific Daylight Time)	2	Error: Command failed: npx eslint --fix '**/*.js'
Sat Sep 22 2018 13:14:29 GMT-0700 (Pacific Daylight Time)	2	/Users/beckwith/.repo/nodejs-promisifySat Sep 22 2018 13:14:29 GMT-0700 (Pacific Daylight Time)	2	Error: Command failed: npx eslint --fix '**/*.js'
npx: installed 126 in 13.459s
Failed to load plugin node: Cannot find module 'eslint-plugin-node'
Sat Sep 22 2018 13:14:32 GMT-0700 (Pacific Daylight Time)	2	/Users/beckwith/.repo/nodejs-translateSat Sep 22 2018 13:14:32 GMT-0700 (Pacific Daylight Time)	2	Error: Command failed: npx eslint --fix '**/*.js'
Sat Sep 22 2018 13:14:33 GMT-0700 (Pacific Daylight Time)	2	/Users/beckwith/.repo/nodejs-text-to-speechSat Sep 22 2018 13:14:33 GMT-0700 (Pacific Daylight Time)	2	Error: Command failed: npx eslint --fix '**/*.js'
Sat Sep 22 2018 13:14:34 GMT-0700 (Pacific Daylight Time)	2	/Users/beckwith/.repo/nodejs-video-intelligenceSat Sep 22 2018 13:14:34 GMT-0700 (Pacific Daylight Time)	2	Error: Command failed: npx eslint --fix '**/*.js'
Sat Sep 22 2018 13:14:37 GMT-0700 (Pacific Daylight Time)	2	/Users/beckwith/.repo/nodejs-bigtableSat Sep 22 2018 13:14:37 GMT-0700 (Pacific Daylight Time)	2	Error: Command failed: npx eslint --fix '**/*.js'
Sat Sep 22 2018 13:14:39 GMT-0700 (Pacific Daylight Time)	2	/Users/beckwith/.repo/nodejs-computeSat Sep 22 2018 13:14:39 GMT-0700 (Pacific Daylight Time)	2	Error: Command failed: npx eslint --fix '**/*.js'
Sat Sep 22 2018 13:14:40 GMT-0700 (Pacific Daylight Time)	2	/Users/beckwith/.repo/nodejs-storageSat Sep 22 2018 13:14:40 GMT-0700 (Pacific Daylight Time)	2	Error: Command failed: npx eslint --fix '**/*.js'
Sat Sep 22 2018 13:14:41 GMT-0700 (Pacific Daylight Time)	2	/Users/beckwith/.repo/nodejs-visionSat Sep 22 2018 13:14:41 GMT-0700 (Pacific Daylight Time)	2	Error: Command failed: npx eslint --fix '**/*.js'
Sat Sep 22 2018 13:14:41 GMT-0700 (Pacific Daylight Time)	2	/Users/beckwith/.repo/slothSat Sep 22 2018 13:14:41 GMT-0700 (Pacific Daylight Time)	2	Error: Command failed: npx eslint --fix '**/*.js'
npx: installed 126 in 9.713s
No files matching '**/*.js' were found.
Sat Sep 22 2018 13:14:42 GMT-0700 (Pacific Daylight Time)	2	/Users/beckwith/.repo/nodejs-pubsubSat Sep 22 2018 13:14:42 GMT-0700 (Pacific Daylight Time)	2	Error: Command failed: npx eslint --fix '**/*.js'
Sat Sep 22 2018 13:14:49 GMT-0700 (Pacific Daylight Time)	2	/Users/beckwith/.repo/nodejs-spannerSat Sep 22 2018 13:14:49 GMT-0700 (Pacific Daylight Time)	2	Error: Command failed: npx eslint --fix '**/*.js'
Sat Sep 22 2018 13:14:49 GMT-0700 (Pacific Daylight Time)	0	Command execution successful.